Created by PLY version 3.11 (http://www.dabeaz.com/ply)

Unused terminals:

    A
    TODAY
    YEAR

Grammar

Rule 0     S' -> date_object
Rule 1     date_object -> <empty>
Rule 2     date_object -> date_list
Rule 3     date_list -> date_list date
Rule 4     date_list -> date
Rule 5     date_list -> date_past
Rule 6     date_list -> in
Rule 7     date_list -> adder
Rule 8     date_list -> remover
Rule 9     date_list -> date_yesterday
Rule 10    date_list -> date_2moro
Rule 11    date_list -> date_day
Rule 12    date_list -> date_end
Rule 13    date_list -> date_or
Rule 14    date_list -> date_before_yesterday
Rule 15    date_list -> date_after_tomorrow
Rule 16    date_list -> date_twice
Rule 17    date_list -> timestamp
Rule 18    date_list -> timestamp_adpt
Rule 19    timestamp -> NUMBER COLON NUMBER
Rule 20    timestamp -> NUMBER COLON NUMBER COLON NUMBER
Rule 21    timestamp_adpt -> timestamp AM
Rule 22    timestamp_adpt -> timestamp PM
Rule 23    timestamp_adpt -> AT timestamp
Rule 24    timestamp_adpt -> AT timestamp PM
Rule 25    timestamp_adpt -> AT timestamp AM
Rule 26    date -> NUMBER
Rule 27    date -> WORD_NUMBER
Rule 28    date -> AT NUMBER
Rule 29    date -> AT WORD_NUMBER
Rule 30    date -> TIME
Rule 31    date -> NUMBER TIME
Rule 32    date -> NUMBER AM
Rule 33    date -> NUMBER PM
Rule 34    date -> AT NUMBER AM
Rule 35    date -> AT NUMBER PM
Rule 36    date -> WORD_NUMBER TIME
Rule 37    date -> PHRASE TIME
Rule 38    date -> TIME PHRASE
Rule 39    date -> NUMBER TIME PHRASE
Rule 40    date -> WORD_NUMBER TIME PHRASE
Rule 41    date -> PHRASE TIME PHRASE
Rule 42    date_twice -> date date
Rule 43    date_twice -> date_day date
Rule 44    in -> PHRASE NUMBER TIME
Rule 45    in -> PHRASE WORD_NUMBER TIME
Rule 46    adder -> PLUS NUMBER TIME
Rule 47    adder -> PLUS WORD_NUMBER TIME
Rule 48    remover -> MINUS NUMBER TIME
Rule 49    remover -> MINUS WORD_NUMBER TIME
Rule 50    date_past -> NUMBER TIME PAST_PHRASE
Rule 51    date_past -> WORD_NUMBER TIME PAST_PHRASE
Rule 52    date_yesterday -> YESTERDAY
Rule 53    date_yesterday -> YESTERDAY AT NUMBER
Rule 54    date_yesterday -> YESTERDAY AT WORD_NUMBER
Rule 55    date_2moro -> TOMORROW
Rule 56    date_2moro -> TOMORROW AT NUMBER
Rule 57    date_2moro -> TOMORROW AT WORD_NUMBER
Rule 58    date_day -> DAY
Rule 59    date_day -> ON DAY
Rule 60    date_day -> PHRASE DAY
Rule 61    date_day -> PAST_PHRASE DAY
Rule 62    date_or -> PAST_PHRASE TIME
Rule 63    date_before_yesterday -> BEFORE_YESTERDAY
Rule 64    date_before_yesterday -> THE BEFORE_YESTERDAY
Rule 65    date_before_yesterday -> THE TIME BEFORE_YESTERDAY
Rule 66    date_after_tomorrow -> AFTER_TOMORROW
Rule 67    date_after_tomorrow -> THE TIME AFTER_TOMORROW
Rule 68    date_end -> NUMBER DATE_END
Rule 69    date_end -> THE NUMBER DATE_END
Rule 70    date_end -> MONTH NUMBER DATE_END
Rule 71    date_end -> NUMBER DATE_END OF MONTH
Rule 72    date_end -> ON THE NUMBER DATE_END
Rule 73    date_end -> MONTH THE NUMBER DATE_END
Rule 74    date_end -> THE NUMBER DATE_END OF MONTH

Terminals, with rules where they appear

A                    : 
AFTER_TOMORROW       : 66 67
AM                   : 21 25 32 34
AT                   : 23 24 25 28 29 34 35 53 54 56 57
BEFORE_YESTERDAY     : 63 64 65
COLON                : 19 20 20
DATE_END             : 68 69 70 71 72 73 74
DAY                  : 58 59 60 61
MINUS                : 48 49
MONTH                : 70 71 73 74
NUMBER               : 19 19 20 20 20 26 28 31 32 33 34 35 39 44 46 48 50 53 56 68 69 70 71 72 73 74
OF                   : 71 74
ON                   : 59 72
PAST_PHRASE          : 50 51 61 62
PHRASE               : 37 38 39 40 41 41 44 45 60
PLUS                 : 46 47
PM                   : 22 24 33 35
THE                  : 64 65 67 69 72 73 74
TIME                 : 30 31 36 37 38 39 40 41 44 45 46 47 48 49 50 51 62 65 67
TODAY                : 
TOMORROW             : 55 56 57
WORD_NUMBER          : 27 29 36 40 45 47 49 51 54 57
YEAR                 : 
YESTERDAY            : 52 53 54
error                : 

Nonterminals, with rules where they appear

adder                : 7
date                 : 3 4 42 42 43
date_2moro           : 10
date_after_tomorrow  : 15
date_before_yesterday : 14
date_day             : 11 43
date_end             : 12
date_list            : 2 3
date_object          : 0
date_or              : 13
date_past            : 5
date_twice           : 16
date_yesterday       : 9
in                   : 6
remover              : 8
timestamp            : 17 21 22 23 24 25
timestamp_adpt       : 18

Parsing method: LALR

state 0

    (0) S' -> . date_object
    (1) date_object -> .
    (2) date_object -> . date_list
    (3) date_list -> . date_list date
    (4) date_list -> . date
    (5) date_list -> . date_past
    (6) date_list -> . in
    (7) date_list -> . adder
    (8) date_list -> . remover
    (9) date_list -> . date_yesterday
    (10) date_list -> . date_2moro
    (11) date_list -> . date_day
    (12) date_list -> . date_end
    (13) date_list -> . date_or
    (14) date_list -> . date_before_yesterday
    (15) date_list -> . date_after_tomorrow
    (16) date_list -> . date_twice
    (17) date_list -> . timestamp
    (18) date_list -> . timestamp_adpt
    (26) date -> . NUMBER
    (27) date -> . WORD_NUMBER
    (28) date -> . AT NUMBER
    (29) date -> . AT WORD_NUMBER
    (30) date -> . TIME
    (31) date -> . NUMBER TIME
    (32) date -> . NUMBER AM
    (33) date -> . NUMBER PM
    (34) date -> . AT NUMBER AM
    (35) date -> . AT NUMBER PM
    (36) date -> . WORD_NUMBER TIME
    (37) date -> . PHRASE TIME
    (38) date -> . TIME PHRASE
    (39) date -> . NUMBER TIME PHRASE
    (40) date -> . WORD_NUMBER TIME PHRASE
    (41) date -> . PHRASE TIME PHRASE
    (50) date_past -> . NUMBER TIME PAST_PHRASE
    (51) date_past -> . WORD_NUMBER TIME PAST_PHRASE
    (44) in -> . PHRASE NUMBER TIME
    (45) in -> . PHRASE WORD_NUMBER TIME
    (46) adder -> . PLUS NUMBER TIME
    (47) adder -> . PLUS WORD_NUMBER TIME
    (48) remover -> . MINUS NUMBER TIME
    (49) remover -> . MINUS WORD_NUMBER TIME
    (52) date_yesterday -> . YESTERDAY
    (53) date_yesterday -> . YESTERDAY AT NUMBER
    (54) date_yesterday -> . YESTERDAY AT WORD_NUMBER
    (55) date_2moro -> . TOMORROW
    (56) date_2moro -> . TOMORROW AT NUMBER
    (57) date_2moro -> . TOMORROW AT WORD_NUMBER
    (58) date_day -> . DAY
    (59) date_day -> . ON DAY
    (60) date_day -> . PHRASE DAY
    (61) date_day -> . PAST_PHRASE DAY
    (68) date_end -> . NUMBER DATE_END
    (69) date_end -> . THE NUMBER DATE_END
    (70) date_end -> . MONTH NUMBER DATE_END
    (71) date_end -> . NUMBER DATE_END OF MONTH
    (72) date_end -> . ON THE NUMBER DATE_END
    (73) date_end -> . MONTH THE NUMBER DATE_END
    (74) date_end -> . THE NUMBER DATE_END OF MONTH
    (62) date_or -> . PAST_PHRASE TIME
    (63) date_before_yesterday -> . BEFORE_YESTERDAY
    (64) date_before_yesterday -> . THE BEFORE_YESTERDAY
    (65) date_before_yesterday -> . THE TIME BEFORE_YESTERDAY
    (66) date_after_tomorrow -> . AFTER_TOMORROW
    (67) date_after_tomorrow -> . THE TIME AFTER_TOMORROW
    (42) date_twice -> . date date
    (43) date_twice -> . date_day date
    (19) timestamp -> . NUMBER COLON NUMBER
    (20) timestamp -> . NUMBER COLON NUMBER COLON NUMBER
    (21) timestamp_adpt -> . timestamp AM
    (22) timestamp_adpt -> . timestamp PM
    (23) timestamp_adpt -> . AT timestamp
    (24) timestamp_adpt -> . AT timestamp PM
    (25) timestamp_adpt -> . AT timestamp AM

    $end            reduce using rule 1 (date_object -> .)
    NUMBER          shift and go to state 18
    WORD_NUMBER     shift and go to state 19
    AT              shift and go to state 20
    TIME            shift and go to state 21
    PHRASE          shift and go to state 22
    PLUS            shift and go to state 24
    MINUS           shift and go to state 25
    YESTERDAY       shift and go to state 26
    TOMORROW        shift and go to state 27
    DAY             shift and go to state 28
    ON              shift and go to state 29
    PAST_PHRASE     shift and go to state 23
    THE             shift and go to state 30
    MONTH           shift and go to state 31
    BEFORE_YESTERDAY shift and go to state 32
    AFTER_TOMORROW  shift and go to state 33

    date_object                    shift and go to state 1
    date_list                      shift and go to state 2
    date                           shift and go to state 3
    date_past                      shift and go to state 4
    in                             shift and go to state 5
    adder                          shift and go to state 6
    remover                        shift and go to state 7
    date_yesterday                 shift and go to state 8
    date_2moro                     shift and go to state 9
    date_day                       shift and go to state 10
    date_end                       shift and go to state 11
    date_or                        shift and go to state 12
    date_before_yesterday          shift and go to state 13
    date_after_tomorrow            shift and go to state 14
    date_twice                     shift and go to state 15
    timestamp                      shift and go to state 16
    timestamp_adpt                 shift and go to state 17

state 1

    (0) S' -> date_object .



state 2

    (2) date_object -> date_list .
    (3) date_list -> date_list . date
    (26) date -> . NUMBER
    (27) date -> . WORD_NUMBER
    (28) date -> . AT NUMBER
    (29) date -> . AT WORD_NUMBER
    (30) date -> . TIME
    (31) date -> . NUMBER TIME
    (32) date -> . NUMBER AM
    (33) date -> . NUMBER PM
    (34) date -> . AT NUMBER AM
    (35) date -> . AT NUMBER PM
    (36) date -> . WORD_NUMBER TIME
    (37) date -> . PHRASE TIME
    (38) date -> . TIME PHRASE
    (39) date -> . NUMBER TIME PHRASE
    (40) date -> . WORD_NUMBER TIME PHRASE
    (41) date -> . PHRASE TIME PHRASE

    $end            reduce using rule 2 (date_object -> date_list .)
    NUMBER          shift and go to state 35
    WORD_NUMBER     shift and go to state 36
    AT              shift and go to state 37
    TIME            shift and go to state 21
    PHRASE          shift and go to state 38

    date                           shift and go to state 34

state 3

    (4) date_list -> date .
    (42) date_twice -> date . date
    (26) date -> . NUMBER
    (27) date -> . WORD_NUMBER
    (28) date -> . AT NUMBER
    (29) date -> . AT WORD_NUMBER
    (30) date -> . TIME
    (31) date -> . NUMBER TIME
    (32) date -> . NUMBER AM
    (33) date -> . NUMBER PM
    (34) date -> . AT NUMBER AM
    (35) date -> . AT NUMBER PM
    (36) date -> . WORD_NUMBER TIME
    (37) date -> . PHRASE TIME
    (38) date -> . TIME PHRASE
    (39) date -> . NUMBER TIME PHRASE
    (40) date -> . WORD_NUMBER TIME PHRASE
    (41) date -> . PHRASE TIME PHRASE

  ! shift/reduce conflict for NUMBER resolved as shift
  ! shift/reduce conflict for WORD_NUMBER resolved as shift
  ! shift/reduce conflict for AT resolved as shift
  ! shift/reduce conflict for TIME resolved as shift
  ! shift/reduce conflict for PHRASE resolved as shift
    $end            reduce using rule 4 (date_list -> date .)
    NUMBER          shift and go to state 35
    WORD_NUMBER     shift and go to state 36
    AT              shift and go to state 37
    TIME            shift and go to state 21
    PHRASE          shift and go to state 38

  ! NUMBER          [ reduce using rule 4 (date_list -> date .) ]
  ! WORD_NUMBER     [ reduce using rule 4 (date_list -> date .) ]
  ! AT              [ reduce using rule 4 (date_list -> date .) ]
  ! TIME            [ reduce using rule 4 (date_list -> date .) ]
  ! PHRASE          [ reduce using rule 4 (date_list -> date .) ]

    date                           shift and go to state 39

state 4

    (5) date_list -> date_past .

    NUMBER          reduce using rule 5 (date_list -> date_past .)
    WORD_NUMBER     reduce using rule 5 (date_list -> date_past .)
    AT              reduce using rule 5 (date_list -> date_past .)
    TIME            reduce using rule 5 (date_list -> date_past .)
    PHRASE          reduce using rule 5 (date_list -> date_past .)
    $end            reduce using rule 5 (date_list -> date_past .)


state 5

    (6) date_list -> in .

    NUMBER          reduce using rule 6 (date_list -> in .)
    WORD_NUMBER     reduce using rule 6 (date_list -> in .)
    AT              reduce using rule 6 (date_list -> in .)
    TIME            reduce using rule 6 (date_list -> in .)
    PHRASE          reduce using rule 6 (date_list -> in .)
    $end            reduce using rule 6 (date_list -> in .)


state 6

    (7) date_list -> adder .

    NUMBER          reduce using rule 7 (date_list -> adder .)
    WORD_NUMBER     reduce using rule 7 (date_list -> adder .)
    AT              reduce using rule 7 (date_list -> adder .)
    TIME            reduce using rule 7 (date_list -> adder .)
    PHRASE          reduce using rule 7 (date_list -> adder .)
    $end            reduce using rule 7 (date_list -> adder .)


state 7

    (8) date_list -> remover .

    NUMBER          reduce using rule 8 (date_list -> remover .)
    WORD_NUMBER     reduce using rule 8 (date_list -> remover .)
    AT              reduce using rule 8 (date_list -> remover .)
    TIME            reduce using rule 8 (date_list -> remover .)
    PHRASE          reduce using rule 8 (date_list -> remover .)
    $end            reduce using rule 8 (date_list -> remover .)


state 8

    (9) date_list -> date_yesterday .

    NUMBER          reduce using rule 9 (date_list -> date_yesterday .)
    WORD_NUMBER     reduce using rule 9 (date_list -> date_yesterday .)
    AT              reduce using rule 9 (date_list -> date_yesterday .)
    TIME            reduce using rule 9 (date_list -> date_yesterday .)
    PHRASE          reduce using rule 9 (date_list -> date_yesterday .)
    $end            reduce using rule 9 (date_list -> date_yesterday .)


state 9

    (10) date_list -> date_2moro .

    NUMBER          reduce using rule 10 (date_list -> date_2moro .)
    WORD_NUMBER     reduce using rule 10 (date_list -> date_2moro .)
    AT              reduce using rule 10 (date_list -> date_2moro .)
    TIME            reduce using rule 10 (date_list -> date_2moro .)
    PHRASE          reduce using rule 10 (date_list -> date_2moro .)
    $end            reduce using rule 10 (date_list -> date_2moro .)


state 10

    (11) date_list -> date_day .
    (43) date_twice -> date_day . date
    (26) date -> . NUMBER
    (27) date -> . WORD_NUMBER
    (28) date -> . AT NUMBER
    (29) date -> . AT WORD_NUMBER
    (30) date -> . TIME
    (31) date -> . NUMBER TIME
    (32) date -> . NUMBER AM
    (33) date -> . NUMBER PM
    (34) date -> . AT NUMBER AM
    (35) date -> . AT NUMBER PM
    (36) date -> . WORD_NUMBER TIME
    (37) date -> . PHRASE TIME
    (38) date -> . TIME PHRASE
    (39) date -> . NUMBER TIME PHRASE
    (40) date -> . WORD_NUMBER TIME PHRASE
    (41) date -> . PHRASE TIME PHRASE

  ! shift/reduce conflict for NUMBER resolved as shift
  ! shift/reduce conflict for WORD_NUMBER resolved as shift
  ! shift/reduce conflict for AT resolved as shift
  ! shift/reduce conflict for TIME resolved as shift
  ! shift/reduce conflict for PHRASE resolved as shift
    $end            reduce using rule 11 (date_list -> date_day .)
    NUMBER          shift and go to state 35
    WORD_NUMBER     shift and go to state 36
    AT              shift and go to state 37
    TIME            shift and go to state 21
    PHRASE          shift and go to state 38

  ! NUMBER          [ reduce using rule 11 (date_list -> date_day .) ]
  ! WORD_NUMBER     [ reduce using rule 11 (date_list -> date_day .) ]
  ! AT              [ reduce using rule 11 (date_list -> date_day .) ]
  ! TIME            [ reduce using rule 11 (date_list -> date_day .) ]
  ! PHRASE          [ reduce using rule 11 (date_list -> date_day .) ]

    date                           shift and go to state 40

state 11

    (12) date_list -> date_end .

    NUMBER          reduce using rule 12 (date_list -> date_end .)
    WORD_NUMBER     reduce using rule 12 (date_list -> date_end .)
    AT              reduce using rule 12 (date_list -> date_end .)
    TIME            reduce using rule 12 (date_list -> date_end .)
    PHRASE          reduce using rule 12 (date_list -> date_end .)
    $end            reduce using rule 12 (date_list -> date_end .)


state 12

    (13) date_list -> date_or .

    NUMBER          reduce using rule 13 (date_list -> date_or .)
    WORD_NUMBER     reduce using rule 13 (date_list -> date_or .)
    AT              reduce using rule 13 (date_list -> date_or .)
    TIME            reduce using rule 13 (date_list -> date_or .)
    PHRASE          reduce using rule 13 (date_list -> date_or .)
    $end            reduce using rule 13 (date_list -> date_or .)


state 13

    (14) date_list -> date_before_yesterday .

    NUMBER          reduce using rule 14 (date_list -> date_before_yesterday .)
    WORD_NUMBER     reduce using rule 14 (date_list -> date_before_yesterday .)
    AT              reduce using rule 14 (date_list -> date_before_yesterday .)
    TIME            reduce using rule 14 (date_list -> date_before_yesterday .)
    PHRASE          reduce using rule 14 (date_list -> date_before_yesterday .)
    $end            reduce using rule 14 (date_list -> date_before_yesterday .)


state 14

    (15) date_list -> date_after_tomorrow .

    NUMBER          reduce using rule 15 (date_list -> date_after_tomorrow .)
    WORD_NUMBER     reduce using rule 15 (date_list -> date_after_tomorrow .)
    AT              reduce using rule 15 (date_list -> date_after_tomorrow .)
    TIME            reduce using rule 15 (date_list -> date_after_tomorrow .)
    PHRASE          reduce using rule 15 (date_list -> date_after_tomorrow .)
    $end            reduce using rule 15 (date_list -> date_after_tomorrow .)


state 15

    (16) date_list -> date_twice .

    NUMBER          reduce using rule 16 (date_list -> date_twice .)
    WORD_NUMBER     reduce using rule 16 (date_list -> date_twice .)
    AT              reduce using rule 16 (date_list -> date_twice .)
    TIME            reduce using rule 16 (date_list -> date_twice .)
    PHRASE          reduce using rule 16 (date_list -> date_twice .)
    $end            reduce using rule 16 (date_list -> date_twice .)


state 16

    (17) date_list -> timestamp .
    (21) timestamp_adpt -> timestamp . AM
    (22) timestamp_adpt -> timestamp . PM

    NUMBER          reduce using rule 17 (date_list -> timestamp .)
    WORD_NUMBER     reduce using rule 17 (date_list -> timestamp .)
    AT              reduce using rule 17 (date_list -> timestamp .)
    TIME            reduce using rule 17 (date_list -> timestamp .)
    PHRASE          reduce using rule 17 (date_list -> timestamp .)
    $end            reduce using rule 17 (date_list -> timestamp .)
    AM              shift and go to state 41
    PM              shift and go to state 42


state 17

    (18) date_list -> timestamp_adpt .

    NUMBER          reduce using rule 18 (date_list -> timestamp_adpt .)
    WORD_NUMBER     reduce using rule 18 (date_list -> timestamp_adpt .)
    AT              reduce using rule 18 (date_list -> timestamp_adpt .)
    TIME            reduce using rule 18 (date_list -> timestamp_adpt .)
    PHRASE          reduce using rule 18 (date_list -> timestamp_adpt .)
    $end            reduce using rule 18 (date_list -> timestamp_adpt .)


state 18

    (26) date -> NUMBER .
    (31) date -> NUMBER . TIME
    (32) date -> NUMBER . AM
    (33) date -> NUMBER . PM
    (39) date -> NUMBER . TIME PHRASE
    (50) date_past -> NUMBER . TIME PAST_PHRASE
    (68) date_end -> NUMBER . DATE_END
    (71) date_end -> NUMBER . DATE_END OF MONTH
    (19) timestamp -> NUMBER . COLON NUMBER
    (20) timestamp -> NUMBER . COLON NUMBER COLON NUMBER

  ! shift/reduce conflict for TIME resolved as shift
    NUMBER          reduce using rule 26 (date -> NUMBER .)
    WORD_NUMBER     reduce using rule 26 (date -> NUMBER .)
    AT              reduce using rule 26 (date -> NUMBER .)
    PHRASE          reduce using rule 26 (date -> NUMBER .)
    $end            reduce using rule 26 (date -> NUMBER .)
    TIME            shift and go to state 43
    AM              shift and go to state 44
    PM              shift and go to state 45
    DATE_END        shift and go to state 46
    COLON           shift and go to state 47

  ! TIME            [ reduce using rule 26 (date -> NUMBER .) ]


state 19

    (27) date -> WORD_NUMBER .
    (36) date -> WORD_NUMBER . TIME
    (40) date -> WORD_NUMBER . TIME PHRASE
    (51) date_past -> WORD_NUMBER . TIME PAST_PHRASE

  ! shift/reduce conflict for TIME resolved as shift
    NUMBER          reduce using rule 27 (date -> WORD_NUMBER .)
    WORD_NUMBER     reduce using rule 27 (date -> WORD_NUMBER .)
    AT              reduce using rule 27 (date -> WORD_NUMBER .)
    PHRASE          reduce using rule 27 (date -> WORD_NUMBER .)
    $end            reduce using rule 27 (date -> WORD_NUMBER .)
    TIME            shift and go to state 48

  ! TIME            [ reduce using rule 27 (date -> WORD_NUMBER .) ]


state 20

    (28) date -> AT . NUMBER
    (29) date -> AT . WORD_NUMBER
    (34) date -> AT . NUMBER AM
    (35) date -> AT . NUMBER PM
    (23) timestamp_adpt -> AT . timestamp
    (24) timestamp_adpt -> AT . timestamp PM
    (25) timestamp_adpt -> AT . timestamp AM
    (19) timestamp -> . NUMBER COLON NUMBER
    (20) timestamp -> . NUMBER COLON NUMBER COLON NUMBER

    NUMBER          shift and go to state 49
    WORD_NUMBER     shift and go to state 50

    timestamp                      shift and go to state 51

state 21

    (30) date -> TIME .
    (38) date -> TIME . PHRASE

  ! shift/reduce conflict for PHRASE resolved as shift
    NUMBER          reduce using rule 30 (date -> TIME .)
    WORD_NUMBER     reduce using rule 30 (date -> TIME .)
    AT              reduce using rule 30 (date -> TIME .)
    TIME            reduce using rule 30 (date -> TIME .)
    $end            reduce using rule 30 (date -> TIME .)
    PHRASE          shift and go to state 52

  ! PHRASE          [ reduce using rule 30 (date -> TIME .) ]


state 22

    (37) date -> PHRASE . TIME
    (41) date -> PHRASE . TIME PHRASE
    (44) in -> PHRASE . NUMBER TIME
    (45) in -> PHRASE . WORD_NUMBER TIME
    (60) date_day -> PHRASE . DAY

    TIME            shift and go to state 53
    NUMBER          shift and go to state 54
    WORD_NUMBER     shift and go to state 55
    DAY             shift and go to state 56


state 23

    (61) date_day -> PAST_PHRASE . DAY
    (62) date_or -> PAST_PHRASE . TIME

    DAY             shift and go to state 57
    TIME            shift and go to state 58


state 24

    (46) adder -> PLUS . NUMBER TIME
    (47) adder -> PLUS . WORD_NUMBER TIME

    NUMBER          shift and go to state 59
    WORD_NUMBER     shift and go to state 60


state 25

    (48) remover -> MINUS . NUMBER TIME
    (49) remover -> MINUS . WORD_NUMBER TIME

    NUMBER          shift and go to state 61
    WORD_NUMBER     shift and go to state 62


state 26

    (52) date_yesterday -> YESTERDAY .
    (53) date_yesterday -> YESTERDAY . AT NUMBER
    (54) date_yesterday -> YESTERDAY . AT WORD_NUMBER

  ! shift/reduce conflict for AT resolved as shift
    NUMBER          reduce using rule 52 (date_yesterday -> YESTERDAY .)
    WORD_NUMBER     reduce using rule 52 (date_yesterday -> YESTERDAY .)
    TIME            reduce using rule 52 (date_yesterday -> YESTERDAY .)
    PHRASE          reduce using rule 52 (date_yesterday -> YESTERDAY .)
    $end            reduce using rule 52 (date_yesterday -> YESTERDAY .)
    AT              shift and go to state 63

  ! AT              [ reduce using rule 52 (date_yesterday -> YESTERDAY .) ]


state 27

    (55) date_2moro -> TOMORROW .
    (56) date_2moro -> TOMORROW . AT NUMBER
    (57) date_2moro -> TOMORROW . AT WORD_NUMBER

  ! shift/reduce conflict for AT resolved as shift
    NUMBER          reduce using rule 55 (date_2moro -> TOMORROW .)
    WORD_NUMBER     reduce using rule 55 (date_2moro -> TOMORROW .)
    TIME            reduce using rule 55 (date_2moro -> TOMORROW .)
    PHRASE          reduce using rule 55 (date_2moro -> TOMORROW .)
    $end            reduce using rule 55 (date_2moro -> TOMORROW .)
    AT              shift and go to state 64

  ! AT              [ reduce using rule 55 (date_2moro -> TOMORROW .) ]


state 28

    (58) date_day -> DAY .

    NUMBER          reduce using rule 58 (date_day -> DAY .)
    WORD_NUMBER     reduce using rule 58 (date_day -> DAY .)
    AT              reduce using rule 58 (date_day -> DAY .)
    TIME            reduce using rule 58 (date_day -> DAY .)
    PHRASE          reduce using rule 58 (date_day -> DAY .)
    $end            reduce using rule 58 (date_day -> DAY .)


state 29

    (59) date_day -> ON . DAY
    (72) date_end -> ON . THE NUMBER DATE_END

    DAY             shift and go to state 65
    THE             shift and go to state 66


state 30

    (69) date_end -> THE . NUMBER DATE_END
    (74) date_end -> THE . NUMBER DATE_END OF MONTH
    (64) date_before_yesterday -> THE . BEFORE_YESTERDAY
    (65) date_before_yesterday -> THE . TIME BEFORE_YESTERDAY
    (67) date_after_tomorrow -> THE . TIME AFTER_TOMORROW

    NUMBER          shift and go to state 67
    BEFORE_YESTERDAY shift and go to state 68
    TIME            shift and go to state 69


state 31

    (70) date_end -> MONTH . NUMBER DATE_END
    (73) date_end -> MONTH . THE NUMBER DATE_END

    NUMBER          shift and go to state 70
    THE             shift and go to state 71


state 32

    (63) date_before_yesterday -> BEFORE_YESTERDAY .

    NUMBER          reduce using rule 63 (date_before_yesterday -> BEFORE_YESTERDAY .)
    WORD_NUMBER     reduce using rule 63 (date_before_yesterday -> BEFORE_YESTERDAY .)
    AT              reduce using rule 63 (date_before_yesterday -> BEFORE_YESTERDAY .)
    TIME            reduce using rule 63 (date_before_yesterday -> BEFORE_YESTERDAY .)
    PHRASE          reduce using rule 63 (date_before_yesterday -> BEFORE_YESTERDAY .)
    $end            reduce using rule 63 (date_before_yesterday -> BEFORE_YESTERDAY .)


state 33

    (66) date_after_tomorrow -> AFTER_TOMORROW .

    NUMBER          reduce using rule 66 (date_after_tomorrow -> AFTER_TOMORROW .)
    WORD_NUMBER     reduce using rule 66 (date_after_tomorrow -> AFTER_TOMORROW .)
    AT              reduce using rule 66 (date_after_tomorrow -> AFTER_TOMORROW .)
    TIME            reduce using rule 66 (date_after_tomorrow -> AFTER_TOMORROW .)
    PHRASE          reduce using rule 66 (date_after_tomorrow -> AFTER_TOMORROW .)
    $end            reduce using rule 66 (date_after_tomorrow -> AFTER_TOMORROW .)


state 34

    (3) date_list -> date_list date .

    NUMBER          reduce using rule 3 (date_list -> date_list date .)
    WORD_NUMBER     reduce using rule 3 (date_list -> date_list date .)
    AT              reduce using rule 3 (date_list -> date_list date .)
    TIME            reduce using rule 3 (date_list -> date_list date .)
    PHRASE          reduce using rule 3 (date_list -> date_list date .)
    $end            reduce using rule 3 (date_list -> date_list date .)


state 35

    (26) date -> NUMBER .
    (31) date -> NUMBER . TIME
    (32) date -> NUMBER . AM
    (33) date -> NUMBER . PM
    (39) date -> NUMBER . TIME PHRASE

  ! shift/reduce conflict for TIME resolved as shift
    NUMBER          reduce using rule 26 (date -> NUMBER .)
    WORD_NUMBER     reduce using rule 26 (date -> NUMBER .)
    AT              reduce using rule 26 (date -> NUMBER .)
    PHRASE          reduce using rule 26 (date -> NUMBER .)
    $end            reduce using rule 26 (date -> NUMBER .)
    TIME            shift and go to state 72
    AM              shift and go to state 44
    PM              shift and go to state 45

  ! TIME            [ reduce using rule 26 (date -> NUMBER .) ]


state 36

    (27) date -> WORD_NUMBER .
    (36) date -> WORD_NUMBER . TIME
    (40) date -> WORD_NUMBER . TIME PHRASE

  ! shift/reduce conflict for TIME resolved as shift
    NUMBER          reduce using rule 27 (date -> WORD_NUMBER .)
    WORD_NUMBER     reduce using rule 27 (date -> WORD_NUMBER .)
    AT              reduce using rule 27 (date -> WORD_NUMBER .)
    PHRASE          reduce using rule 27 (date -> WORD_NUMBER .)
    $end            reduce using rule 27 (date -> WORD_NUMBER .)
    TIME            shift and go to state 73

  ! TIME            [ reduce using rule 27 (date -> WORD_NUMBER .) ]


state 37

    (28) date -> AT . NUMBER
    (29) date -> AT . WORD_NUMBER
    (34) date -> AT . NUMBER AM
    (35) date -> AT . NUMBER PM

    NUMBER          shift and go to state 74
    WORD_NUMBER     shift and go to state 50


state 38

    (37) date -> PHRASE . TIME
    (41) date -> PHRASE . TIME PHRASE

    TIME            shift and go to state 53


state 39

    (42) date_twice -> date date .

    NUMBER          reduce using rule 42 (date_twice -> date date .)
    WORD_NUMBER     reduce using rule 42 (date_twice -> date date .)
    AT              reduce using rule 42 (date_twice -> date date .)
    TIME            reduce using rule 42 (date_twice -> date date .)
    PHRASE          reduce using rule 42 (date_twice -> date date .)
    $end            reduce using rule 42 (date_twice -> date date .)


state 40

    (43) date_twice -> date_day date .

    NUMBER          reduce using rule 43 (date_twice -> date_day date .)
    WORD_NUMBER     reduce using rule 43 (date_twice -> date_day date .)
    AT              reduce using rule 43 (date_twice -> date_day date .)
    TIME            reduce using rule 43 (date_twice -> date_day date .)
    PHRASE          reduce using rule 43 (date_twice -> date_day date .)
    $end            reduce using rule 43 (date_twice -> date_day date .)


state 41

    (21) timestamp_adpt -> timestamp AM .

    NUMBER          reduce using rule 21 (timestamp_adpt -> timestamp AM .)
    WORD_NUMBER     reduce using rule 21 (timestamp_adpt -> timestamp AM .)
    AT              reduce using rule 21 (timestamp_adpt -> timestamp AM .)
    TIME            reduce using rule 21 (timestamp_adpt -> timestamp AM .)
    PHRASE          reduce using rule 21 (timestamp_adpt -> timestamp AM .)
    $end            reduce using rule 21 (timestamp_adpt -> timestamp AM .)


state 42

    (22) timestamp_adpt -> timestamp PM .

    NUMBER          reduce using rule 22 (timestamp_adpt -> timestamp PM .)
    WORD_NUMBER     reduce using rule 22 (timestamp_adpt -> timestamp PM .)
    AT              reduce using rule 22 (timestamp_adpt -> timestamp PM .)
    TIME            reduce using rule 22 (timestamp_adpt -> timestamp PM .)
    PHRASE          reduce using rule 22 (timestamp_adpt -> timestamp PM .)
    $end            reduce using rule 22 (timestamp_adpt -> timestamp PM .)


state 43

    (31) date -> NUMBER TIME .
    (39) date -> NUMBER TIME . PHRASE
    (50) date_past -> NUMBER TIME . PAST_PHRASE

  ! shift/reduce conflict for PHRASE resolved as shift
    NUMBER          reduce using rule 31 (date -> NUMBER TIME .)
    WORD_NUMBER     reduce using rule 31 (date -> NUMBER TIME .)
    AT              reduce using rule 31 (date -> NUMBER TIME .)
    TIME            reduce using rule 31 (date -> NUMBER TIME .)
    $end            reduce using rule 31 (date -> NUMBER TIME .)
    PHRASE          shift and go to state 75
    PAST_PHRASE     shift and go to state 76

  ! PHRASE          [ reduce using rule 31 (date -> NUMBER TIME .) ]


state 44

    (32) date -> NUMBER AM .

    NUMBER          reduce using rule 32 (date -> NUMBER AM .)
    WORD_NUMBER     reduce using rule 32 (date -> NUMBER AM .)
    AT              reduce using rule 32 (date -> NUMBER AM .)
    TIME            reduce using rule 32 (date -> NUMBER AM .)
    PHRASE          reduce using rule 32 (date -> NUMBER AM .)
    $end            reduce using rule 32 (date -> NUMBER AM .)


state 45

    (33) date -> NUMBER PM .

    NUMBER          reduce using rule 33 (date -> NUMBER PM .)
    WORD_NUMBER     reduce using rule 33 (date -> NUMBER PM .)
    AT              reduce using rule 33 (date -> NUMBER PM .)
    TIME            reduce using rule 33 (date -> NUMBER PM .)
    PHRASE          reduce using rule 33 (date -> NUMBER PM .)
    $end            reduce using rule 33 (date -> NUMBER PM .)


state 46

    (68) date_end -> NUMBER DATE_END .
    (71) date_end -> NUMBER DATE_END . OF MONTH

    NUMBER          reduce using rule 68 (date_end -> NUMBER DATE_END .)
    WORD_NUMBER     reduce using rule 68 (date_end -> NUMBER DATE_END .)
    AT              reduce using rule 68 (date_end -> NUMBER DATE_END .)
    TIME            reduce using rule 68 (date_end -> NUMBER DATE_END .)
    PHRASE          reduce using rule 68 (date_end -> NUMBER DATE_END .)
    $end            reduce using rule 68 (date_end -> NUMBER DATE_END .)
    OF              shift and go to state 77


state 47

    (19) timestamp -> NUMBER COLON . NUMBER
    (20) timestamp -> NUMBER COLON . NUMBER COLON NUMBER

    NUMBER          shift and go to state 78


state 48

    (36) date -> WORD_NUMBER TIME .
    (40) date -> WORD_NUMBER TIME . PHRASE
    (51) date_past -> WORD_NUMBER TIME . PAST_PHRASE

  ! shift/reduce conflict for PHRASE resolved as shift
    NUMBER          reduce using rule 36 (date -> WORD_NUMBER TIME .)
    WORD_NUMBER     reduce using rule 36 (date -> WORD_NUMBER TIME .)
    AT              reduce using rule 36 (date -> WORD_NUMBER TIME .)
    TIME            reduce using rule 36 (date -> WORD_NUMBER TIME .)
    $end            reduce using rule 36 (date -> WORD_NUMBER TIME .)
    PHRASE          shift and go to state 79
    PAST_PHRASE     shift and go to state 80

  ! PHRASE          [ reduce using rule 36 (date -> WORD_NUMBER TIME .) ]


state 49

    (28) date -> AT NUMBER .
    (34) date -> AT NUMBER . AM
    (35) date -> AT NUMBER . PM
    (19) timestamp -> NUMBER . COLON NUMBER
    (20) timestamp -> NUMBER . COLON NUMBER COLON NUMBER

    NUMBER          reduce using rule 28 (date -> AT NUMBER .)
    WORD_NUMBER     reduce using rule 28 (date -> AT NUMBER .)
    AT              reduce using rule 28 (date -> AT NUMBER .)
    TIME            reduce using rule 28 (date -> AT NUMBER .)
    PHRASE          reduce using rule 28 (date -> AT NUMBER .)
    $end            reduce using rule 28 (date -> AT NUMBER .)
    AM              shift and go to state 81
    PM              shift and go to state 82
    COLON           shift and go to state 47


state 50

    (29) date -> AT WORD_NUMBER .

    NUMBER          reduce using rule 29 (date -> AT WORD_NUMBER .)
    WORD_NUMBER     reduce using rule 29 (date -> AT WORD_NUMBER .)
    AT              reduce using rule 29 (date -> AT WORD_NUMBER .)
    TIME            reduce using rule 29 (date -> AT WORD_NUMBER .)
    PHRASE          reduce using rule 29 (date -> AT WORD_NUMBER .)
    $end            reduce using rule 29 (date -> AT WORD_NUMBER .)


state 51

    (23) timestamp_adpt -> AT timestamp .
    (24) timestamp_adpt -> AT timestamp . PM
    (25) timestamp_adpt -> AT timestamp . AM

    NUMBER          reduce using rule 23 (timestamp_adpt -> AT timestamp .)
    WORD_NUMBER     reduce using rule 23 (timestamp_adpt -> AT timestamp .)
    AT              reduce using rule 23 (timestamp_adpt -> AT timestamp .)
    TIME            reduce using rule 23 (timestamp_adpt -> AT timestamp .)
    PHRASE          reduce using rule 23 (timestamp_adpt -> AT timestamp .)
    $end            reduce using rule 23 (timestamp_adpt -> AT timestamp .)
    PM              shift and go to state 83
    AM              shift and go to state 84


state 52

    (38) date -> TIME PHRASE .

    NUMBER          reduce using rule 38 (date -> TIME PHRASE .)
    WORD_NUMBER     reduce using rule 38 (date -> TIME PHRASE .)
    AT              reduce using rule 38 (date -> TIME PHRASE .)
    TIME            reduce using rule 38 (date -> TIME PHRASE .)
    PHRASE          reduce using rule 38 (date -> TIME PHRASE .)
    $end            reduce using rule 38 (date -> TIME PHRASE .)


state 53

    (37) date -> PHRASE TIME .
    (41) date -> PHRASE TIME . PHRASE

  ! shift/reduce conflict for PHRASE resolved as shift
    NUMBER          reduce using rule 37 (date -> PHRASE TIME .)
    WORD_NUMBER     reduce using rule 37 (date -> PHRASE TIME .)
    AT              reduce using rule 37 (date -> PHRASE TIME .)
    TIME            reduce using rule 37 (date -> PHRASE TIME .)
    $end            reduce using rule 37 (date -> PHRASE TIME .)
    PHRASE          shift and go to state 85

  ! PHRASE          [ reduce using rule 37 (date -> PHRASE TIME .) ]


state 54

    (44) in -> PHRASE NUMBER . TIME

    TIME            shift and go to state 86


state 55

    (45) in -> PHRASE WORD_NUMBER . TIME

    TIME            shift and go to state 87


state 56

    (60) date_day -> PHRASE DAY .

    NUMBER          reduce using rule 60 (date_day -> PHRASE DAY .)
    WORD_NUMBER     reduce using rule 60 (date_day -> PHRASE DAY .)
    AT              reduce using rule 60 (date_day -> PHRASE DAY .)
    TIME            reduce using rule 60 (date_day -> PHRASE DAY .)
    PHRASE          reduce using rule 60 (date_day -> PHRASE DAY .)
    $end            reduce using rule 60 (date_day -> PHRASE DAY .)


state 57

    (61) date_day -> PAST_PHRASE DAY .

    NUMBER          reduce using rule 61 (date_day -> PAST_PHRASE DAY .)
    WORD_NUMBER     reduce using rule 61 (date_day -> PAST_PHRASE DAY .)
    AT              reduce using rule 61 (date_day -> PAST_PHRASE DAY .)
    TIME            reduce using rule 61 (date_day -> PAST_PHRASE DAY .)
    PHRASE          reduce using rule 61 (date_day -> PAST_PHRASE DAY .)
    $end            reduce using rule 61 (date_day -> PAST_PHRASE DAY .)


state 58

    (62) date_or -> PAST_PHRASE TIME .

    NUMBER          reduce using rule 62 (date_or -> PAST_PHRASE TIME .)
    WORD_NUMBER     reduce using rule 62 (date_or -> PAST_PHRASE TIME .)
    AT              reduce using rule 62 (date_or -> PAST_PHRASE TIME .)
    TIME            reduce using rule 62 (date_or -> PAST_PHRASE TIME .)
    PHRASE          reduce using rule 62 (date_or -> PAST_PHRASE TIME .)
    $end            reduce using rule 62 (date_or -> PAST_PHRASE TIME .)


state 59

    (46) adder -> PLUS NUMBER . TIME

    TIME            shift and go to state 88


state 60

    (47) adder -> PLUS WORD_NUMBER . TIME

    TIME            shift and go to state 89


state 61

    (48) remover -> MINUS NUMBER . TIME

    TIME            shift and go to state 90


state 62

    (49) remover -> MINUS WORD_NUMBER . TIME

    TIME            shift and go to state 91


state 63

    (53) date_yesterday -> YESTERDAY AT . NUMBER
    (54) date_yesterday -> YESTERDAY AT . WORD_NUMBER

    NUMBER          shift and go to state 92
    WORD_NUMBER     shift and go to state 93


state 64

    (56) date_2moro -> TOMORROW AT . NUMBER
    (57) date_2moro -> TOMORROW AT . WORD_NUMBER

    NUMBER          shift and go to state 94
    WORD_NUMBER     shift and go to state 95


state 65

    (59) date_day -> ON DAY .

    NUMBER          reduce using rule 59 (date_day -> ON DAY .)
    WORD_NUMBER     reduce using rule 59 (date_day -> ON DAY .)
    AT              reduce using rule 59 (date_day -> ON DAY .)
    TIME            reduce using rule 59 (date_day -> ON DAY .)
    PHRASE          reduce using rule 59 (date_day -> ON DAY .)
    $end            reduce using rule 59 (date_day -> ON DAY .)


state 66

    (72) date_end -> ON THE . NUMBER DATE_END

    NUMBER          shift and go to state 96


state 67

    (69) date_end -> THE NUMBER . DATE_END
    (74) date_end -> THE NUMBER . DATE_END OF MONTH

    DATE_END        shift and go to state 97


state 68

    (64) date_before_yesterday -> THE BEFORE_YESTERDAY .

    NUMBER          reduce using rule 64 (date_before_yesterday -> THE BEFORE_YESTERDAY .)
    WORD_NUMBER     reduce using rule 64 (date_before_yesterday -> THE BEFORE_YESTERDAY .)
    AT              reduce using rule 64 (date_before_yesterday -> THE BEFORE_YESTERDAY .)
    TIME            reduce using rule 64 (date_before_yesterday -> THE BEFORE_YESTERDAY .)
    PHRASE          reduce using rule 64 (date_before_yesterday -> THE BEFORE_YESTERDAY .)
    $end            reduce using rule 64 (date_before_yesterday -> THE BEFORE_YESTERDAY .)


state 69

    (65) date_before_yesterday -> THE TIME . BEFORE_YESTERDAY
    (67) date_after_tomorrow -> THE TIME . AFTER_TOMORROW

    BEFORE_YESTERDAY shift and go to state 98
    AFTER_TOMORROW  shift and go to state 99


state 70

    (70) date_end -> MONTH NUMBER . DATE_END

    DATE_END        shift and go to state 100


state 71

    (73) date_end -> MONTH THE . NUMBER DATE_END

    NUMBER          shift and go to state 101


state 72

    (31) date -> NUMBER TIME .
    (39) date -> NUMBER TIME . PHRASE

  ! shift/reduce conflict for PHRASE resolved as shift
    NUMBER          reduce using rule 31 (date -> NUMBER TIME .)
    WORD_NUMBER     reduce using rule 31 (date -> NUMBER TIME .)
    AT              reduce using rule 31 (date -> NUMBER TIME .)
    TIME            reduce using rule 31 (date -> NUMBER TIME .)
    $end            reduce using rule 31 (date -> NUMBER TIME .)
    PHRASE          shift and go to state 75

  ! PHRASE          [ reduce using rule 31 (date -> NUMBER TIME .) ]


state 73

    (36) date -> WORD_NUMBER TIME .
    (40) date -> WORD_NUMBER TIME . PHRASE

  ! shift/reduce conflict for PHRASE resolved as shift
    NUMBER          reduce using rule 36 (date -> WORD_NUMBER TIME .)
    WORD_NUMBER     reduce using rule 36 (date -> WORD_NUMBER TIME .)
    AT              reduce using rule 36 (date -> WORD_NUMBER TIME .)
    TIME            reduce using rule 36 (date -> WORD_NUMBER TIME .)
    $end            reduce using rule 36 (date -> WORD_NUMBER TIME .)
    PHRASE          shift and go to state 79

  ! PHRASE          [ reduce using rule 36 (date -> WORD_NUMBER TIME .) ]


state 74

    (28) date -> AT NUMBER .
    (34) date -> AT NUMBER . AM
    (35) date -> AT NUMBER . PM

    NUMBER          reduce using rule 28 (date -> AT NUMBER .)
    WORD_NUMBER     reduce using rule 28 (date -> AT NUMBER .)
    AT              reduce using rule 28 (date -> AT NUMBER .)
    TIME            reduce using rule 28 (date -> AT NUMBER .)
    PHRASE          reduce using rule 28 (date -> AT NUMBER .)
    $end            reduce using rule 28 (date -> AT NUMBER .)
    AM              shift and go to state 81
    PM              shift and go to state 82


state 75

    (39) date -> NUMBER TIME PHRASE .

    NUMBER          reduce using rule 39 (date -> NUMBER TIME PHRASE .)
    WORD_NUMBER     reduce using rule 39 (date -> NUMBER TIME PHRASE .)
    AT              reduce using rule 39 (date -> NUMBER TIME PHRASE .)
    TIME            reduce using rule 39 (date -> NUMBER TIME PHRASE .)
    PHRASE          reduce using rule 39 (date -> NUMBER TIME PHRASE .)
    $end            reduce using rule 39 (date -> NUMBER TIME PHRASE .)


state 76

    (50) date_past -> NUMBER TIME PAST_PHRASE .

    NUMBER          reduce using rule 50 (date_past -> NUMBER TIME PAST_PHRASE .)
    WORD_NUMBER     reduce using rule 50 (date_past -> NUMBER TIME PAST_PHRASE .)
    AT              reduce using rule 50 (date_past -> NUMBER TIME PAST_PHRASE .)
    TIME            reduce using rule 50 (date_past -> NUMBER TIME PAST_PHRASE .)
    PHRASE          reduce using rule 50 (date_past -> NUMBER TIME PAST_PHRASE .)
    $end            reduce using rule 50 (date_past -> NUMBER TIME PAST_PHRASE .)


state 77

    (71) date_end -> NUMBER DATE_END OF . MONTH

    MONTH           shift and go to state 102


state 78

    (19) timestamp -> NUMBER COLON NUMBER .
    (20) timestamp -> NUMBER COLON NUMBER . COLON NUMBER

    AM              reduce using rule 19 (timestamp -> NUMBER COLON NUMBER .)
    PM              reduce using rule 19 (timestamp -> NUMBER COLON NUMBER .)
    NUMBER          reduce using rule 19 (timestamp -> NUMBER COLON NUMBER .)
    WORD_NUMBER     reduce using rule 19 (timestamp -> NUMBER COLON NUMBER .)
    AT              reduce using rule 19 (timestamp -> NUMBER COLON NUMBER .)
    TIME            reduce using rule 19 (timestamp -> NUMBER COLON NUMBER .)
    PHRASE          reduce using rule 19 (timestamp -> NUMBER COLON NUMBER .)
    $end            reduce using rule 19 (timestamp -> NUMBER COLON NUMBER .)
    COLON           shift and go to state 103


state 79

    (40) date -> WORD_NUMBER TIME PHRASE .

    NUMBER          reduce using rule 40 (date -> WORD_NUMBER TIME PHRASE .)
    WORD_NUMBER     reduce using rule 40 (date -> WORD_NUMBER TIME PHRASE .)
    AT              reduce using rule 40 (date -> WORD_NUMBER TIME PHRASE .)
    TIME            reduce using rule 40 (date -> WORD_NUMBER TIME PHRASE .)
    PHRASE          reduce using rule 40 (date -> WORD_NUMBER TIME PHRASE .)
    $end            reduce using rule 40 (date -> WORD_NUMBER TIME PHRASE .)


state 80

    (51) date_past -> WORD_NUMBER TIME PAST_PHRASE .

    NUMBER          reduce using rule 51 (date_past -> WORD_NUMBER TIME PAST_PHRASE .)
    WORD_NUMBER     reduce using rule 51 (date_past -> WORD_NUMBER TIME PAST_PHRASE .)
    AT              reduce using rule 51 (date_past -> WORD_NUMBER TIME PAST_PHRASE .)
    TIME            reduce using rule 51 (date_past -> WORD_NUMBER TIME PAST_PHRASE .)
    PHRASE          reduce using rule 51 (date_past -> WORD_NUMBER TIME PAST_PHRASE .)
    $end            reduce using rule 51 (date_past -> WORD_NUMBER TIME PAST_PHRASE .)


state 81

    (34) date -> AT NUMBER AM .

    NUMBER          reduce using rule 34 (date -> AT NUMBER AM .)
    WORD_NUMBER     reduce using rule 34 (date -> AT NUMBER AM .)
    AT              reduce using rule 34 (date -> AT NUMBER AM .)
    TIME            reduce using rule 34 (date -> AT NUMBER AM .)
    PHRASE          reduce using rule 34 (date -> AT NUMBER AM .)
    $end            reduce using rule 34 (date -> AT NUMBER AM .)


state 82

    (35) date -> AT NUMBER PM .

    NUMBER          reduce using rule 35 (date -> AT NUMBER PM .)
    WORD_NUMBER     reduce using rule 35 (date -> AT NUMBER PM .)
    AT              reduce using rule 35 (date -> AT NUMBER PM .)
    TIME            reduce using rule 35 (date -> AT NUMBER PM .)
    PHRASE          reduce using rule 35 (date -> AT NUMBER PM .)
    $end            reduce using rule 35 (date -> AT NUMBER PM .)


state 83

    (24) timestamp_adpt -> AT timestamp PM .

    NUMBER          reduce using rule 24 (timestamp_adpt -> AT timestamp PM .)
    WORD_NUMBER     reduce using rule 24 (timestamp_adpt -> AT timestamp PM .)
    AT              reduce using rule 24 (timestamp_adpt -> AT timestamp PM .)
    TIME            reduce using rule 24 (timestamp_adpt -> AT timestamp PM .)
    PHRASE          reduce using rule 24 (timestamp_adpt -> AT timestamp PM .)
    $end            reduce using rule 24 (timestamp_adpt -> AT timestamp PM .)


state 84

    (25) timestamp_adpt -> AT timestamp AM .

    NUMBER          reduce using rule 25 (timestamp_adpt -> AT timestamp AM .)
    WORD_NUMBER     reduce using rule 25 (timestamp_adpt -> AT timestamp AM .)
    AT              reduce using rule 25 (timestamp_adpt -> AT timestamp AM .)
    TIME            reduce using rule 25 (timestamp_adpt -> AT timestamp AM .)
    PHRASE          reduce using rule 25 (timestamp_adpt -> AT timestamp AM .)
    $end            reduce using rule 25 (timestamp_adpt -> AT timestamp AM .)


state 85

    (41) date -> PHRASE TIME PHRASE .

    NUMBER          reduce using rule 41 (date -> PHRASE TIME PHRASE .)
    WORD_NUMBER     reduce using rule 41 (date -> PHRASE TIME PHRASE .)
    AT              reduce using rule 41 (date -> PHRASE TIME PHRASE .)
    TIME            reduce using rule 41 (date -> PHRASE TIME PHRASE .)
    PHRASE          reduce using rule 41 (date -> PHRASE TIME PHRASE .)
    $end            reduce using rule 41 (date -> PHRASE TIME PHRASE .)


state 86

    (44) in -> PHRASE NUMBER TIME .

    NUMBER          reduce using rule 44 (in -> PHRASE NUMBER TIME .)
    WORD_NUMBER     reduce using rule 44 (in -> PHRASE NUMBER TIME .)
    AT              reduce using rule 44 (in -> PHRASE NUMBER TIME .)
    TIME            reduce using rule 44 (in -> PHRASE NUMBER TIME .)
    PHRASE          reduce using rule 44 (in -> PHRASE NUMBER TIME .)
    $end            reduce using rule 44 (in -> PHRASE NUMBER TIME .)


state 87

    (45) in -> PHRASE WORD_NUMBER TIME .

    NUMBER          reduce using rule 45 (in -> PHRASE WORD_NUMBER TIME .)
    WORD_NUMBER     reduce using rule 45 (in -> PHRASE WORD_NUMBER TIME .)
    AT              reduce using rule 45 (in -> PHRASE WORD_NUMBER TIME .)
    TIME            reduce using rule 45 (in -> PHRASE WORD_NUMBER TIME .)
    PHRASE          reduce using rule 45 (in -> PHRASE WORD_NUMBER TIME .)
    $end            reduce using rule 45 (in -> PHRASE WORD_NUMBER TIME .)


state 88

    (46) adder -> PLUS NUMBER TIME .

    NUMBER          reduce using rule 46 (adder -> PLUS NUMBER TIME .)
    WORD_NUMBER     reduce using rule 46 (adder -> PLUS NUMBER TIME .)
    AT              reduce using rule 46 (adder -> PLUS NUMBER TIME .)
    TIME            reduce using rule 46 (adder -> PLUS NUMBER TIME .)
    PHRASE          reduce using rule 46 (adder -> PLUS NUMBER TIME .)
    $end            reduce using rule 46 (adder -> PLUS NUMBER TIME .)


state 89

    (47) adder -> PLUS WORD_NUMBER TIME .

    NUMBER          reduce using rule 47 (adder -> PLUS WORD_NUMBER TIME .)
    WORD_NUMBER     reduce using rule 47 (adder -> PLUS WORD_NUMBER TIME .)
    AT              reduce using rule 47 (adder -> PLUS WORD_NUMBER TIME .)
    TIME            reduce using rule 47 (adder -> PLUS WORD_NUMBER TIME .)
    PHRASE          reduce using rule 47 (adder -> PLUS WORD_NUMBER TIME .)
    $end            reduce using rule 47 (adder -> PLUS WORD_NUMBER TIME .)


state 90

    (48) remover -> MINUS NUMBER TIME .

    NUMBER          reduce using rule 48 (remover -> MINUS NUMBER TIME .)
    WORD_NUMBER     reduce using rule 48 (remover -> MINUS NUMBER TIME .)
    AT              reduce using rule 48 (remover -> MINUS NUMBER TIME .)
    TIME            reduce using rule 48 (remover -> MINUS NUMBER TIME .)
    PHRASE          reduce using rule 48 (remover -> MINUS NUMBER TIME .)
    $end            reduce using rule 48 (remover -> MINUS NUMBER TIME .)


state 91

    (49) remover -> MINUS WORD_NUMBER TIME .

    NUMBER          reduce using rule 49 (remover -> MINUS WORD_NUMBER TIME .)
    WORD_NUMBER     reduce using rule 49 (remover -> MINUS WORD_NUMBER TIME .)
    AT              reduce using rule 49 (remover -> MINUS WORD_NUMBER TIME .)
    TIME            reduce using rule 49 (remover -> MINUS WORD_NUMBER TIME .)
    PHRASE          reduce using rule 49 (remover -> MINUS WORD_NUMBER TIME .)
    $end            reduce using rule 49 (remover -> MINUS WORD_NUMBER TIME .)


state 92

    (53) date_yesterday -> YESTERDAY AT NUMBER .

    NUMBER          reduce using rule 53 (date_yesterday -> YESTERDAY AT NUMBER .)
    WORD_NUMBER     reduce using rule 53 (date_yesterday -> YESTERDAY AT NUMBER .)
    AT              reduce using rule 53 (date_yesterday -> YESTERDAY AT NUMBER .)
    TIME            reduce using rule 53 (date_yesterday -> YESTERDAY AT NUMBER .)
    PHRASE          reduce using rule 53 (date_yesterday -> YESTERDAY AT NUMBER .)
    $end            reduce using rule 53 (date_yesterday -> YESTERDAY AT NUMBER .)


state 93

    (54) date_yesterday -> YESTERDAY AT WORD_NUMBER .

    NUMBER          reduce using rule 54 (date_yesterday -> YESTERDAY AT WORD_NUMBER .)
    WORD_NUMBER     reduce using rule 54 (date_yesterday -> YESTERDAY AT WORD_NUMBER .)
    AT              reduce using rule 54 (date_yesterday -> YESTERDAY AT WORD_NUMBER .)
    TIME            reduce using rule 54 (date_yesterday -> YESTERDAY AT WORD_NUMBER .)
    PHRASE          reduce using rule 54 (date_yesterday -> YESTERDAY AT WORD_NUMBER .)
    $end            reduce using rule 54 (date_yesterday -> YESTERDAY AT WORD_NUMBER .)


state 94

    (56) date_2moro -> TOMORROW AT NUMBER .

    NUMBER          reduce using rule 56 (date_2moro -> TOMORROW AT NUMBER .)
    WORD_NUMBER     reduce using rule 56 (date_2moro -> TOMORROW AT NUMBER .)
    AT              reduce using rule 56 (date_2moro -> TOMORROW AT NUMBER .)
    TIME            reduce using rule 56 (date_2moro -> TOMORROW AT NUMBER .)
    PHRASE          reduce using rule 56 (date_2moro -> TOMORROW AT NUMBER .)
    $end            reduce using rule 56 (date_2moro -> TOMORROW AT NUMBER .)


state 95

    (57) date_2moro -> TOMORROW AT WORD_NUMBER .

    NUMBER          reduce using rule 57 (date_2moro -> TOMORROW AT WORD_NUMBER .)
    WORD_NUMBER     reduce using rule 57 (date_2moro -> TOMORROW AT WORD_NUMBER .)
    AT              reduce using rule 57 (date_2moro -> TOMORROW AT WORD_NUMBER .)
    TIME            reduce using rule 57 (date_2moro -> TOMORROW AT WORD_NUMBER .)
    PHRASE          reduce using rule 57 (date_2moro -> TOMORROW AT WORD_NUMBER .)
    $end            reduce using rule 57 (date_2moro -> TOMORROW AT WORD_NUMBER .)


state 96

    (72) date_end -> ON THE NUMBER . DATE_END

    DATE_END        shift and go to state 104


state 97

    (69) date_end -> THE NUMBER DATE_END .
    (74) date_end -> THE NUMBER DATE_END . OF MONTH

    NUMBER          reduce using rule 69 (date_end -> THE NUMBER DATE_END .)
    WORD_NUMBER     reduce using rule 69 (date_end -> THE NUMBER DATE_END .)
    AT              reduce using rule 69 (date_end -> THE NUMBER DATE_END .)
    TIME            reduce using rule 69 (date_end -> THE NUMBER DATE_END .)
    PHRASE          reduce using rule 69 (date_end -> THE NUMBER DATE_END .)
    $end            reduce using rule 69 (date_end -> THE NUMBER DATE_END .)
    OF              shift and go to state 105


state 98

    (65) date_before_yesterday -> THE TIME BEFORE_YESTERDAY .

    NUMBER          reduce using rule 65 (date_before_yesterday -> THE TIME BEFORE_YESTERDAY .)
    WORD_NUMBER     reduce using rule 65 (date_before_yesterday -> THE TIME BEFORE_YESTERDAY .)
    AT              reduce using rule 65 (date_before_yesterday -> THE TIME BEFORE_YESTERDAY .)
    TIME            reduce using rule 65 (date_before_yesterday -> THE TIME BEFORE_YESTERDAY .)
    PHRASE          reduce using rule 65 (date_before_yesterday -> THE TIME BEFORE_YESTERDAY .)
    $end            reduce using rule 65 (date_before_yesterday -> THE TIME BEFORE_YESTERDAY .)


state 99

    (67) date_after_tomorrow -> THE TIME AFTER_TOMORROW .

    NUMBER          reduce using rule 67 (date_after_tomorrow -> THE TIME AFTER_TOMORROW .)
    WORD_NUMBER     reduce using rule 67 (date_after_tomorrow -> THE TIME AFTER_TOMORROW .)
    AT              reduce using rule 67 (date_after_tomorrow -> THE TIME AFTER_TOMORROW .)
    TIME            reduce using rule 67 (date_after_tomorrow -> THE TIME AFTER_TOMORROW .)
    PHRASE          reduce using rule 67 (date_after_tomorrow -> THE TIME AFTER_TOMORROW .)
    $end            reduce using rule 67 (date_after_tomorrow -> THE TIME AFTER_TOMORROW .)


state 100

    (70) date_end -> MONTH NUMBER DATE_END .

    NUMBER          reduce using rule 70 (date_end -> MONTH NUMBER DATE_END .)
    WORD_NUMBER     reduce using rule 70 (date_end -> MONTH NUMBER DATE_END .)
    AT              reduce using rule 70 (date_end -> MONTH NUMBER DATE_END .)
    TIME            reduce using rule 70 (date_end -> MONTH NUMBER DATE_END .)
    PHRASE          reduce using rule 70 (date_end -> MONTH NUMBER DATE_END .)
    $end            reduce using rule 70 (date_end -> MONTH NUMBER DATE_END .)


state 101

    (73) date_end -> MONTH THE NUMBER . DATE_END

    DATE_END        shift and go to state 106


state 102

    (71) date_end -> NUMBER DATE_END OF MONTH .

    NUMBER          reduce using rule 71 (date_end -> NUMBER DATE_END OF MONTH .)
    WORD_NUMBER     reduce using rule 71 (date_end -> NUMBER DATE_END OF MONTH .)
    AT              reduce using rule 71 (date_end -> NUMBER DATE_END OF MONTH .)
    TIME            reduce using rule 71 (date_end -> NUMBER DATE_END OF MONTH .)
    PHRASE          reduce using rule 71 (date_end -> NUMBER DATE_END OF MONTH .)
    $end            reduce using rule 71 (date_end -> NUMBER DATE_END OF MONTH .)


state 103

    (20) timestamp -> NUMBER COLON NUMBER COLON . NUMBER

    NUMBER          shift and go to state 107


state 104

    (72) date_end -> ON THE NUMBER DATE_END .

    NUMBER          reduce using rule 72 (date_end -> ON THE NUMBER DATE_END .)
    WORD_NUMBER     reduce using rule 72 (date_end -> ON THE NUMBER DATE_END .)
    AT              reduce using rule 72 (date_end -> ON THE NUMBER DATE_END .)
    TIME            reduce using rule 72 (date_end -> ON THE NUMBER DATE_END .)
    PHRASE          reduce using rule 72 (date_end -> ON THE NUMBER DATE_END .)
    $end            reduce using rule 72 (date_end -> ON THE NUMBER DATE_END .)


state 105

    (74) date_end -> THE NUMBER DATE_END OF . MONTH

    MONTH           shift and go to state 108


state 106

    (73) date_end -> MONTH THE NUMBER DATE_END .

    NUMBER          reduce using rule 73 (date_end -> MONTH THE NUMBER DATE_END .)
    WORD_NUMBER     reduce using rule 73 (date_end -> MONTH THE NUMBER DATE_END .)
    AT              reduce using rule 73 (date_end -> MONTH THE NUMBER DATE_END .)
    TIME            reduce using rule 73 (date_end -> MONTH THE NUMBER DATE_END .)
    PHRASE          reduce using rule 73 (date_end -> MONTH THE NUMBER DATE_END .)
    $end            reduce using rule 73 (date_end -> MONTH THE NUMBER DATE_END .)


state 107

    (20) timestamp -> NUMBER COLON NUMBER COLON NUMBER .

    AM              reduce using rule 20 (timestamp -> NUMBER COLON NUMBER COLON NUMBER .)
    PM              reduce using rule 20 (timestamp -> NUMBER COLON NUMBER COLON NUMBER .)
    NUMBER          reduce using rule 20 (timestamp -> NUMBER COLON NUMBER COLON NUMBER .)
    WORD_NUMBER     reduce using rule 20 (timestamp -> NUMBER COLON NUMBER COLON NUMBER .)
    AT              reduce using rule 20 (timestamp -> NUMBER COLON NUMBER COLON NUMBER .)
    TIME            reduce using rule 20 (timestamp -> NUMBER COLON NUMBER COLON NUMBER .)
    PHRASE          reduce using rule 20 (timestamp -> NUMBER COLON NUMBER COLON NUMBER .)
    $end            reduce using rule 20 (timestamp -> NUMBER COLON NUMBER COLON NUMBER .)


state 108

    (74) date_end -> THE NUMBER DATE_END OF MONTH .

    NUMBER          reduce using rule 74 (date_end -> THE NUMBER DATE_END OF MONTH .)
    WORD_NUMBER     reduce using rule 74 (date_end -> THE NUMBER DATE_END OF MONTH .)
    AT              reduce using rule 74 (date_end -> THE NUMBER DATE_END OF MONTH .)
    TIME            reduce using rule 74 (date_end -> THE NUMBER DATE_END OF MONTH .)
    PHRASE          reduce using rule 74 (date_end -> THE NUMBER DATE_END OF MONTH .)
    $end            reduce using rule 74 (date_end -> THE NUMBER DATE_END OF MONTH .)

WARNING: 
WARNING: Conflicts:
WARNING: 
WARNING: shift/reduce conflict for NUMBER in state 3 resolved as shift
WARNING: shift/reduce conflict for WORD_NUMBER in state 3 resolved as shift
WARNING: shift/reduce conflict for AT in state 3 resolved as shift
WARNING: shift/reduce conflict for TIME in state 3 resolved as shift
WARNING: shift/reduce conflict for PHRASE in state 3 resolved as shift
WARNING: shift/reduce conflict for NUMBER in state 10 resolved as shift
WARNING: shift/reduce conflict for WORD_NUMBER in state 10 resolved as shift
WARNING: shift/reduce conflict for AT in state 10 resolved as shift
WARNING: shift/reduce conflict for TIME in state 10 resolved as shift
WARNING: shift/reduce conflict for PHRASE in state 10 resolved as shift
WARNING: shift/reduce conflict for TIME in state 18 resolved as shift
WARNING: shift/reduce conflict for TIME in state 19 resolved as shift
WARNING: shift/reduce conflict for PHRASE in state 21 resolved as shift
WARNING: shift/reduce conflict for AT in state 26 resolved as shift
WARNING: shift/reduce conflict for AT in state 27 resolved as shift
WARNING: shift/reduce conflict for TIME in state 35 resolved as shift
WARNING: shift/reduce conflict for TIME in state 36 resolved as shift
WARNING: shift/reduce conflict for PHRASE in state 43 resolved as shift
WARNING: shift/reduce conflict for PHRASE in state 48 resolved as shift
WARNING: shift/reduce conflict for PHRASE in state 53 resolved as shift
WARNING: shift/reduce conflict for PHRASE in state 72 resolved as shift
WARNING: shift/reduce conflict for PHRASE in state 73 resolved as shift
